2017-12-31 17:34:45 14604 [Note] Plugin 'FEDERATED' is disabled.
2017-12-31 17:34:45 14604 [Note] InnoDB: The InnoDB memory heap is disabled
2017-12-31 17:34:45 14604 [Note] InnoDB: Mutexes and rw_locks use Windows interlocked functions
2017-12-31 17:34:45 14604 [Note] InnoDB: Compressed tables use zlib 1.2.3
2017-12-31 17:34:45 14604 [Note] InnoDB: Not using CPU crc32 instructions
2017-12-31 17:34:45 14604 [Note] InnoDB: Initializing buffer pool, size = 128.0M
2017-12-31 17:34:45 14604 [Note] InnoDB: Completed initialization of buffer pool
2017-12-31 17:34:45 14604 [Note] InnoDB: Setting log file .\ib_logfile101 size to 48 MB
2017-12-31 17:34:45 14604 [Note] InnoDB: Setting log file .\ib_logfile1 size to 48 MB
2017-12-31 17:34:46 14604 [Note] InnoDB: Renaming log file .\ib_logfile101 to .\ib_logfile0
2017-12-31 17:34:46 14604 [Warning] InnoDB: New log files created, LSN=10477600
2017-12-31 17:34:46 14604 [Note] InnoDB: Highest supported file format is Barracuda.
2017-12-31 17:34:46 14604 [Note] InnoDB: 128 rollback segment(s) are active.
2017-12-31 17:34:46 14604 [Note] InnoDB: Waiting for purge to start
2017-12-31 17:34:46 14604 [Note] InnoDB: 5.6.13 started; log sequence number 10478092
2017-12-31 17:34:46 14604 [Warning] No existing UUID has been found, so we assume that this is the first time that this server has been started. Generating a new UUID: d722158a-ee0d-11e7-a880-40b034ee80d5.
2017-12-31 17:34:47 14604 [Note] RSA private key file not found: D:\kettle-manager\mysql-km\data\\private_key.pem. Some authentication plugins will not work.
2017-12-31 17:34:47 14604 [Note] RSA public key file not found: D:\kettle-manager\mysql-km\data\\public_key.pem. Some authentication plugins will not work.
2017-12-31 17:34:47 14604 [Note] Server hostname (bind-address): '*'; port: 3306
2017-12-31 17:34:47 14604 [Note] IPv6 is available.
2017-12-31 17:34:47 14604 [Note]   - '::' resolves to '::';
2017-12-31 17:34:47 14604 [Note] Server socket created on IP: '::'.
2017-12-31 17:34:47 14604 [ERROR] Can't start server: Bind on TCP/IP port: No such file or directory
2017-12-31 17:34:47 14604 [ERROR] Do you already have another mysqld server running on port: 3306 ?
2017-12-31 17:34:47 14604 [ERROR] Aborting

2017-12-31 17:34:47 14604 [Note] Binlog end
2017-12-31 17:34:47 14604 [Note] Shutting down plugin 'partition'
2017-12-31 17:34:47 14604 [Note] Shutting down plugin 'PERFORMANCE_SCHEMA'
2017-12-31 17:34:47 14604 [Note] Shutting down plugin 'INNODB_SYS_DATAFILES'
2017-12-31 17:34:47 14604 [Note] Shutting down plugin 'INNODB_SYS_TABLESPACES'
2017-12-31 17:34:47 14604 [Note] Shutting down plugin 'INNODB_SYS_FOREIGN_COLS'
2017-12-31 17:34:47 14604 [Note] Shutting down plugin 'INNODB_SYS_FOREIGN'
2017-12-31 17:34:47 14604 [Note] Shutting down plugin 'INNODB_SYS_FIELDS'
2017-12-31 17:34:47 14604 [Note] Shutting down plugin 'INNODB_SYS_COLUMNS'
2017-12-31 17:34:47 14604 [Note] Shutting down plugin 'INNODB_SYS_INDEXES'
2017-12-31 17:34:47 14604 [Note] Shutting down plugin 'INNODB_SYS_TABLESTATS'
2017-12-31 17:34:47 14604 [Note] Shutting down plugin 'INNODB_SYS_TABLES'
2017-12-31 17:34:47 14604 [Note] Shutting down plugin 'INNODB_FT_INDEX_TABLE'
2017-12-31 17:34:47 14604 [Note] Shutting down plugin 'INNODB_FT_INDEX_CACHE'
2017-12-31 17:34:47 14604 [Note] Shutting down plugin 'INNODB_FT_CONFIG'
2017-12-31 17:34:47 14604 [Note] Shutting down plugin 'INNODB_FT_BEING_DELETED'
2017-12-31 17:34:47 14604 [Note] Shutting down plugin 'INNODB_FT_DELETED'
2017-12-31 17:34:47 14604 [Note] Shutting down plugin 'INNODB_FT_DEFAULT_STOPWORD'
2017-12-31 17:34:47 14604 [Note] Shutting down plugin 'INNODB_METRICS'
2017-12-31 17:34:47 14604 [Note] Shutting down plugin 'INNODB_BUFFER_POOL_STATS'
2017-12-31 17:34:47 14604 [Note] Shutting down plugin 'INNODB_BUFFER_PAGE_LRU'
2017-12-31 17:34:47 14604 [Note] Shutting down plugin 'INNODB_BUFFER_PAGE'
2017-12-31 17:34:47 14604 [Note] Shutting down plugin 'INNODB_CMP_PER_INDEX_RESET'
2017-12-31 17:34:47 14604 [Note] Shutting down plugin 'INNODB_CMP_PER_INDEX'
2017-12-31 17:34:47 14604 [Note] Shutting down plugin 'INNODB_CMPMEM_RESET'
2017-12-31 17:34:47 14604 [Note] Shutting down plugin 'INNODB_CMPMEM'
2017-12-31 17:34:47 14604 [Note] Shutting down plugin 'INNODB_CMP_RESET'
2017-12-31 17:34:47 14604 [Note] Shutting down plugin 'INNODB_CMP'
2017-12-31 17:34:47 14604 [Note] Shutting down plugin 'INNODB_LOCK_WAITS'
2017-12-31 17:34:47 14604 [Note] Shutting down plugin 'INNODB_LOCKS'
2017-12-31 17:34:47 14604 [Note] Shutting down plugin 'INNODB_TRX'
2017-12-31 17:34:47 14604 [Note] Shutting down plugin 'InnoDB'
2017-12-31 17:34:47 14604 [Note] InnoDB: FTS optimize thread exiting.
2017-12-31 17:34:47 14604 [Note] InnoDB: Starting shutdown...
2017-12-31 17:34:48 14604 [Note] InnoDB: Shutdown completed; log sequence number 10478102
2017-12-31 17:34:48 14604 [Note] Shutting down plugin 'BLACKHOLE'
2017-12-31 17:34:48 14604 [Note] Shutting down plugin 'ARCHIVE'
2017-12-31 17:34:48 14604 [Note] Shutting down plugin 'MRG_MYISAM'
2017-12-31 17:34:48 14604 [Note] Shutting down plugin 'MyISAM'
2017-12-31 17:34:48 14604 [Note] Shutting down plugin 'MEMORY'
2017-12-31 17:34:48 14604 [Note] Shutting down plugin 'CSV'
2017-12-31 17:34:48 14604 [Note] Shutting down plugin 'sha256_password'
2017-12-31 17:34:48 14604 [Note] Shutting down plugin 'mysql_old_password'
2017-12-31 17:34:48 14604 [Note] Shutting down plugin 'mysql_native_password'
2017-12-31 17:34:48 14604 [Note] Shutting down plugin 'binlog'
2017-12-31 17:34:48 14604 [Note] D:\kettle-manager\mysql-km\bin\mysqld: Shutdown complete

2017-12-31 17:35:40 15404 [Note] Plugin 'FEDERATED' is disabled.
2017-12-31 17:35:40 15404 [Note] InnoDB: The InnoDB memory heap is disabled
2017-12-31 17:35:40 15404 [Note] InnoDB: Mutexes and rw_locks use Windows interlocked functions
2017-12-31 17:35:40 15404 [Note] InnoDB: Compressed tables use zlib 1.2.3
2017-12-31 17:35:40 15404 [Note] InnoDB: Not using CPU crc32 instructions
2017-12-31 17:35:40 15404 [Note] InnoDB: Initializing buffer pool, size = 128.0M
2017-12-31 17:35:40 15404 [Note] InnoDB: Completed initialization of buffer pool
2017-12-31 17:35:40 15404 [Note] InnoDB: Highest supported file format is Barracuda.
2017-12-31 17:35:40 15404 [Note] InnoDB: 128 rollback segment(s) are active.
2017-12-31 17:35:40 15404 [Note] InnoDB: Waiting for purge to start
2017-12-31 17:35:40 15404 [Note] InnoDB: 5.6.13 started; log sequence number 10478102
2017-12-31 17:35:40 15404 [Note] RSA private key file not found: D:\kettle-manager\mysql-km\data\\private_key.pem. Some authentication plugins will not work.
2017-12-31 17:35:40 15404 [Note] RSA public key file not found: D:\kettle-manager\mysql-km\data\\public_key.pem. Some authentication plugins will not work.
2017-12-31 17:35:40 15404 [Note] Server hostname (bind-address): '*'; port: 3306
2017-12-31 17:35:40 15404 [Note] IPv6 is available.
2017-12-31 17:35:40 15404 [Note]   - '::' resolves to '::';
2017-12-31 17:35:40 15404 [Note] Server socket created on IP: '::'.
2017-12-31 17:35:40 15404 [ERROR] Can't start server: Bind on TCP/IP port: No such file or directory
2017-12-31 17:35:40 15404 [ERROR] Do you already have another mysqld server running on port: 3306 ?
2017-12-31 17:35:40 15404 [ERROR] Aborting

2017-12-31 17:35:40 15404 [Note] Binlog end
2017-12-31 17:35:40 15404 [Note] Shutting down plugin 'partition'
2017-12-31 17:35:40 15404 [Note] Shutting down plugin 'PERFORMANCE_SCHEMA'
2017-12-31 17:35:40 15404 [Note] Shutting down plugin 'INNODB_SYS_DATAFILES'
2017-12-31 17:35:40 15404 [Note] Shutting down plugin 'INNODB_SYS_TABLESPACES'
2017-12-31 17:35:40 15404 [Note] Shutting down plugin 'INNODB_SYS_FOREIGN_COLS'
2017-12-31 17:35:40 15404 [Note] Shutting down plugin 'INNODB_SYS_FOREIGN'
2017-12-31 17:35:40 15404 [Note] Shutting down plugin 'INNODB_SYS_FIELDS'
2017-12-31 17:35:40 15404 [Note] Shutting down plugin 'INNODB_SYS_COLUMNS'
2017-12-31 17:35:40 15404 [Note] Shutting down plugin 'INNODB_SYS_INDEXES'
2017-12-31 17:35:40 15404 [Note] Shutting down plugin 'INNODB_SYS_TABLESTATS'
2017-12-31 17:35:40 15404 [Note] Shutting down plugin 'INNODB_SYS_TABLES'
2017-12-31 17:35:40 15404 [Note] Shutting down plugin 'INNODB_FT_INDEX_TABLE'
2017-12-31 17:35:40 15404 [Note] Shutting down plugin 'INNODB_FT_INDEX_CACHE'
2017-12-31 17:35:40 15404 [Note] Shutting down plugin 'INNODB_FT_CONFIG'
2017-12-31 17:35:40 15404 [Note] Shutting down plugin 'INNODB_FT_BEING_DELETED'
2017-12-31 17:35:40 15404 [Note] Shutting down plugin 'INNODB_FT_DELETED'
2017-12-31 17:35:40 15404 [Note] Shutting down plugin 'INNODB_FT_DEFAULT_STOPWORD'
2017-12-31 17:35:40 15404 [Note] Shutting down plugin 'INNODB_METRICS'
2017-12-31 17:35:40 15404 [Note] Shutting down plugin 'INNODB_BUFFER_POOL_STATS'
2017-12-31 17:35:40 15404 [Note] Shutting down plugin 'INNODB_BUFFER_PAGE_LRU'
2017-12-31 17:35:40 15404 [Note] Shutting down plugin 'INNODB_BUFFER_PAGE'
2017-12-31 17:35:40 15404 [Note] Shutting down plugin 'INNODB_CMP_PER_INDEX_RESET'
2017-12-31 17:35:40 15404 [Note] Shutting down plugin 'INNODB_CMP_PER_INDEX'
2017-12-31 17:35:40 15404 [Note] Shutting down plugin 'INNODB_CMPMEM_RESET'
2017-12-31 17:35:40 15404 [Note] Shutting down plugin 'INNODB_CMPMEM'
2017-12-31 17:35:40 15404 [Note] Shutting down plugin 'INNODB_CMP_RESET'
2017-12-31 17:35:40 15404 [Note] Shutting down plugin 'INNODB_CMP'
2017-12-31 17:35:40 15404 [Note] Shutting down plugin 'INNODB_LOCK_WAITS'
2017-12-31 17:35:40 15404 [Note] Shutting down plugin 'INNODB_LOCKS'
2017-12-31 17:35:40 15404 [Note] Shutting down plugin 'INNODB_TRX'
2017-12-31 17:35:40 15404 [Note] Shutting down plugin 'InnoDB'
2017-12-31 17:35:40 15404 [Note] InnoDB: FTS optimize thread exiting.
2017-12-31 17:35:40 15404 [Note] InnoDB: Starting shutdown...
2017-12-31 17:35:42 15404 [Note] InnoDB: Shutdown completed; log sequence number 10478112
2017-12-31 17:35:42 15404 [Note] Shutting down plugin 'BLACKHOLE'
2017-12-31 17:35:42 15404 [Note] Shutting down plugin 'ARCHIVE'
2017-12-31 17:35:42 15404 [Note] Shutting down plugin 'MRG_MYISAM'
2017-12-31 17:35:42 15404 [Note] Shutting down plugin 'MyISAM'
2017-12-31 17:35:42 15404 [Note] Shutting down plugin 'MEMORY'
2017-12-31 17:35:42 15404 [Note] Shutting down plugin 'CSV'
2017-12-31 17:35:42 15404 [Note] Shutting down plugin 'sha256_password'
2017-12-31 17:35:42 15404 [Note] Shutting down plugin 'mysql_old_password'
2017-12-31 17:35:42 15404 [Note] Shutting down plugin 'mysql_native_password'
2017-12-31 17:35:42 15404 [Note] Shutting down plugin 'binlog'
2017-12-31 17:35:42 15404 [Note] D:\kettle-manager\mysql-km\bin\mysqld: Shutdown complete

2017-12-31 17:39:07 6996 [Note] Plugin 'FEDERATED' is disabled.
2017-12-31 17:39:07 6996 [Note] InnoDB: The InnoDB memory heap is disabled
2017-12-31 17:39:07 6996 [Note] InnoDB: Mutexes and rw_locks use Windows interlocked functions
2017-12-31 17:39:07 6996 [Note] InnoDB: Compressed tables use zlib 1.2.3
2017-12-31 17:39:07 6996 [Note] InnoDB: Not using CPU crc32 instructions
2017-12-31 17:39:07 6996 [Note] InnoDB: Initializing buffer pool, size = 128.0M
2017-12-31 17:39:07 6996 [Note] InnoDB: Completed initialization of buffer pool
2017-12-31 17:39:07 6996 [Note] InnoDB: Highest supported file format is Barracuda.
2017-12-31 17:39:07 6996 [Note] InnoDB: 128 rollback segment(s) are active.
2017-12-31 17:39:07 6996 [Note] InnoDB: Waiting for purge to start
2017-12-31 17:39:07 6996 [Note] InnoDB: 5.6.13 started; log sequence number 10478112
2017-12-31 17:39:07 6996 [Note] RSA private key file not found: D:\kettle-manager\mysql-km\data\\private_key.pem. Some authentication plugins will not work.
2017-12-31 17:39:07 6996 [Note] RSA public key file not found: D:\kettle-manager\mysql-km\data\\public_key.pem. Some authentication plugins will not work.
2017-12-31 17:39:07 6996 [Note] Server hostname (bind-address): '*'; port: 3306
2017-12-31 17:39:07 6996 [Note] IPv6 is available.
2017-12-31 17:39:07 6996 [Note]   - '::' resolves to '::';
2017-12-31 17:39:07 6996 [Note] Server socket created on IP: '::'.
2017-12-31 17:39:07 6996 [ERROR] Can't start server: Bind on TCP/IP port: No such file or directory
2017-12-31 17:39:07 6996 [ERROR] Do you already have another mysqld server running on port: 3306 ?
2017-12-31 17:39:07 6996 [ERROR] Aborting

2017-12-31 17:39:07 6996 [Note] Binlog end
2017-12-31 17:39:07 6996 [Note] Shutting down plugin 'partition'
2017-12-31 17:39:07 6996 [Note] Shutting down plugin 'PERFORMANCE_SCHEMA'
2017-12-31 17:39:07 6996 [Note] Shutting down plugin 'INNODB_SYS_DATAFILES'
2017-12-31 17:39:07 6996 [Note] Shutting down plugin 'INNODB_SYS_TABLESPACES'
2017-12-31 17:39:07 6996 [Note] Shutting down plugin 'INNODB_SYS_FOREIGN_COLS'
2017-12-31 17:39:07 6996 [Note] Shutting down plugin 'INNODB_SYS_FOREIGN'
2017-12-31 17:39:07 6996 [Note] Shutting down plugin 'INNODB_SYS_FIELDS'
2017-12-31 17:39:07 6996 [Note] Shutting down plugin 'INNODB_SYS_COLUMNS'
2017-12-31 17:39:07 6996 [Note] Shutting down plugin 'INNODB_SYS_INDEXES'
2017-12-31 17:39:07 6996 [Note] Shutting down plugin 'INNODB_SYS_TABLESTATS'
2017-12-31 17:39:07 6996 [Note] Shutting down plugin 'INNODB_SYS_TABLES'
2017-12-31 17:39:07 6996 [Note] Shutting down plugin 'INNODB_FT_INDEX_TABLE'
2017-12-31 17:39:07 6996 [Note] Shutting down plugin 'INNODB_FT_INDEX_CACHE'
2017-12-31 17:39:07 6996 [Note] Shutting down plugin 'INNODB_FT_CONFIG'
2017-12-31 17:39:07 6996 [Note] Shutting down plugin 'INNODB_FT_BEING_DELETED'
2017-12-31 17:39:07 6996 [Note] Shutting down plugin 'INNODB_FT_DELETED'
2017-12-31 17:39:07 6996 [Note] Shutting down plugin 'INNODB_FT_DEFAULT_STOPWORD'
2017-12-31 17:39:07 6996 [Note] Shutting down plugin 'INNODB_METRICS'
2017-12-31 17:39:07 6996 [Note] Shutting down plugin 'INNODB_BUFFER_POOL_STATS'
2017-12-31 17:39:07 6996 [Note] Shutting down plugin 'INNODB_BUFFER_PAGE_LRU'
2017-12-31 17:39:07 6996 [Note] Shutting down plugin 'INNODB_BUFFER_PAGE'
2017-12-31 17:39:07 6996 [Note] Shutting down plugin 'INNODB_CMP_PER_INDEX_RESET'
2017-12-31 17:39:07 6996 [Note] Shutting down plugin 'INNODB_CMP_PER_INDEX'
2017-12-31 17:39:07 6996 [Note] Shutting down plugin 'INNODB_CMPMEM_RESET'
2017-12-31 17:39:07 6996 [Note] Shutting down plugin 'INNODB_CMPMEM'
2017-12-31 17:39:07 6996 [Note] Shutting down plugin 'INNODB_CMP_RESET'
2017-12-31 17:39:07 6996 [Note] Shutting down plugin 'INNODB_CMP'
2017-12-31 17:39:07 6996 [Note] Shutting down plugin 'INNODB_LOCK_WAITS'
2017-12-31 17:39:07 6996 [Note] Shutting down plugin 'INNODB_LOCKS'
2017-12-31 17:39:07 6996 [Note] Shutting down plugin 'INNODB_TRX'
2017-12-31 17:39:07 6996 [Note] Shutting down plugin 'InnoDB'
2017-12-31 17:39:07 6996 [Note] InnoDB: FTS optimize thread exiting.
2017-12-31 17:39:07 6996 [Note] InnoDB: Starting shutdown...
2017-12-31 17:39:09 6996 [Note] InnoDB: Shutdown completed; log sequence number 10478122
2017-12-31 17:39:09 6996 [Note] Shutting down plugin 'BLACKHOLE'
2017-12-31 17:39:09 6996 [Note] Shutting down plugin 'ARCHIVE'
2017-12-31 17:39:09 6996 [Note] Shutting down plugin 'MRG_MYISAM'
2017-12-31 17:39:09 6996 [Note] Shutting down plugin 'MyISAM'
2017-12-31 17:39:09 6996 [Note] Shutting down plugin 'MEMORY'
2017-12-31 17:39:09 6996 [Note] Shutting down plugin 'CSV'
2017-12-31 17:39:09 6996 [Note] Shutting down plugin 'sha256_password'
2017-12-31 17:39:09 6996 [Note] Shutting down plugin 'mysql_old_password'
2017-12-31 17:39:09 6996 [Note] Shutting down plugin 'mysql_native_password'
2017-12-31 17:39:09 6996 [Note] Shutting down plugin 'binlog'
2017-12-31 17:39:09 6996 [Note] D:\kettle-manager\mysql-km\bin\mysqld: Shutdown complete

2017-12-31 17:40:27 13348 [Note] Plugin 'FEDERATED' is disabled.
2017-12-31 17:40:27 13348 [Note] InnoDB: The InnoDB memory heap is disabled
2017-12-31 17:40:27 13348 [Note] InnoDB: Mutexes and rw_locks use Windows interlocked functions
2017-12-31 17:40:27 13348 [Note] InnoDB: Compressed tables use zlib 1.2.3
2017-12-31 17:40:27 13348 [Note] InnoDB: Not using CPU crc32 instructions
2017-12-31 17:40:27 13348 [Note] InnoDB: Initializing buffer pool, size = 128.0M
2017-12-31 17:40:27 13348 [Note] InnoDB: Completed initialization of buffer pool
2017-12-31 17:40:27 13348 [Note] InnoDB: Highest supported file format is Barracuda.
2017-12-31 17:40:27 13348 [Note] InnoDB: 128 rollback segment(s) are active.
2017-12-31 17:40:27 13348 [Note] InnoDB: Waiting for purge to start
2017-12-31 17:40:27 13348 [Note] InnoDB: 5.6.13 started; log sequence number 10478122
2017-12-31 17:40:27 13348 [Note] RSA private key file not found: D:\kettle-manager\mysql-km\data\\private_key.pem. Some authentication plugins will not work.
2017-12-31 17:40:27 13348 [Note] RSA public key file not found: D:\kettle-manager\mysql-km\data\\public_key.pem. Some authentication plugins will not work.
2017-12-31 17:40:27 13348 [Note] Server hostname (bind-address): '*'; port: 3308
2017-12-31 17:40:27 13348 [Note] IPv6 is available.
2017-12-31 17:40:27 13348 [Note]   - '::' resolves to '::';
2017-12-31 17:40:27 13348 [Note] Server socket created on IP: '::'.
2017-12-31 17:40:27 13348 [ERROR] Native table 'performance_schema'.'cond_instances' has the wrong structure
2017-12-31 17:40:27 13348 [ERROR] Native table 'performance_schema'.'events_waits_current' has the wrong structure
2017-12-31 17:40:27 13348 [ERROR] Native table 'performance_schema'.'events_waits_history' has the wrong structure
2017-12-31 17:40:27 13348 [ERROR] Native table 'performance_schema'.'events_waits_history_long' has the wrong structure
2017-12-31 17:40:27 13348 [ERROR] Native table 'performance_schema'.'events_waits_summary_by_host_by_event_name' has the wrong structure
2017-12-31 17:40:27 13348 [ERROR] Native table 'performance_schema'.'events_waits_summary_by_instance' has the wrong structure
2017-12-31 17:40:27 13348 [ERROR] Native table 'performance_schema'.'events_waits_summary_by_thread_by_event_name' has the wrong structure
2017-12-31 17:40:27 13348 [ERROR] Native table 'performance_schema'.'events_waits_summary_by_user_by_event_name' has the wrong structure
2017-12-31 17:40:27 13348 [ERROR] Native table 'performance_schema'.'events_waits_summary_by_account_by_event_name' has the wrong structure
2017-12-31 17:40:27 13348 [ERROR] Native table 'performance_schema'.'events_waits_summary_global_by_event_name' has the wrong structure
2017-12-31 17:40:27 13348 [ERROR] Native table 'performance_schema'.'file_instances' has the wrong structure
2017-12-31 17:40:27 13348 [ERROR] Native table 'performance_schema'.'file_summary_by_event_name' has the wrong structure
2017-12-31 17:40:27 13348 [ERROR] Native table 'performance_schema'.'file_summary_by_instance' has the wrong structure
2017-12-31 17:40:27 13348 [ERROR] Native table 'performance_schema'.'host_cache' has the wrong structure
2017-12-31 17:40:27 13348 [ERROR] Native table 'performance_schema'.'mutex_instances' has the wrong structure
2017-12-31 17:40:27 13348 [ERROR] Native table 'performance_schema'.'objects_summary_global_by_type' has the wrong structure
2017-12-31 17:40:27 13348 [ERROR] Native table 'performance_schema'.'performance_timers' has the wrong structure
2017-12-31 17:40:27 13348 [ERROR] Native table 'performance_schema'.'rwlock_instances' has the wrong structure
2017-12-31 17:40:27 13348 [ERROR] Native table 'performance_schema'.'setup_actors' has the wrong structure
2017-12-31 17:40:27 13348 [ERROR] Native table 'performance_schema'.'setup_consumers' has the wrong structure
2017-12-31 17:40:27 13348 [ERROR] Native table 'performance_schema'.'setup_instruments' has the wrong structure
2017-12-31 17:40:27 13348 [ERROR] Native table 'performance_schema'.'setup_objects' has the wrong structure
2017-12-31 17:40:27 13348 [ERROR] Native table 'performance_schema'.'setup_timers' has the wrong structure
2017-12-31 17:40:27 13348 [ERROR] Native table 'performance_schema'.'table_io_waits_summary_by_index_usage' has the wrong structure
2017-12-31 17:40:27 13348 [ERROR] Native table 'performance_schema'.'table_io_waits_summary_by_table' has the wrong structure
2017-12-31 17:40:27 13348 [ERROR] Native table 'performance_schema'.'table_lock_waits_summary_by_table' has the wrong structure
2017-12-31 17:40:27 13348 [ERROR] Native table 'performance_schema'.'threads' has the wrong structure
2017-12-31 17:40:27 13348 [ERROR] Native table 'performance_schema'.'events_stages_current' has the wrong structure
2017-12-31 17:40:27 13348 [ERROR] Native table 'performance_schema'.'events_stages_history' has the wrong structure
2017-12-31 17:40:27 13348 [ERROR] Native table 'performance_schema'.'events_stages_history_long' has the wrong structure
2017-12-31 17:40:27 13348 [ERROR] Native table 'performance_schema'.'events_stages_summary_by_thread_by_event_name' has the wrong structure
2017-12-31 17:40:27 13348 [ERROR] Native table 'performance_schema'.'events_stages_summary_by_account_by_event_name' has the wrong structure
2017-12-31 17:40:27 13348 [ERROR] Native table 'performance_schema'.'events_stages_summary_by_user_by_event_name' has the wrong structure
2017-12-31 17:40:27 13348 [ERROR] Native table 'performance_schema'.'events_stages_summary_by_host_by_event_name' has the wrong structure
2017-12-31 17:40:27 13348 [ERROR] Native table 'performance_schema'.'events_stages_summary_global_by_event_name' has the wrong structure
2017-12-31 17:40:27 13348 [ERROR] Native table 'performance_schema'.'events_statements_current' has the wrong structure
2017-12-31 17:40:27 13348 [ERROR] Native table 'performance_schema'.'events_statements_history' has the wrong structure
2017-12-31 17:40:27 13348 [ERROR] Native table 'performance_schema'.'events_statements_history_long' has the wrong structure
2017-12-31 17:40:27 13348 [ERROR] Native table 'performance_schema'.'events_statements_summary_by_thread_by_event_name' has the wrong structure
2017-12-31 17:40:27 13348 [ERROR] Native table 'performance_schema'.'events_statements_summary_by_account_by_event_name' has the wrong structure
2017-12-31 17:40:27 13348 [ERROR] Native table 'performance_schema'.'events_statements_summary_by_user_by_event_name' has the wrong structure
2017-12-31 17:40:27 13348 [ERROR] Native table 'performance_schema'.'events_statements_summary_by_host_by_event_name' has the wrong structure
2017-12-31 17:40:27 13348 [ERROR] Native table 'performance_schema'.'events_statements_summary_global_by_event_name' has the wrong structure
2017-12-31 17:40:27 13348 [ERROR] Native table 'performance_schema'.'events_statements_summary_by_digest' has the wrong structure
2017-12-31 17:40:27 13348 [ERROR] Native table 'performance_schema'.'users' has the wrong structure
2017-12-31 17:40:27 13348 [ERROR] Native table 'performance_schema'.'accounts' has the wrong structure
2017-12-31 17:40:27 13348 [ERROR] Native table 'performance_schema'.'hosts' has the wrong structure
2017-12-31 17:40:27 13348 [ERROR] Native table 'performance_schema'.'socket_instances' has the wrong structure
2017-12-31 17:40:27 13348 [ERROR] Native table 'performance_schema'.'socket_summary_by_instance' has the wrong structure
2017-12-31 17:40:27 13348 [ERROR] Native table 'performance_schema'.'socket_summary_by_event_name' has the wrong structure
2017-12-31 17:40:27 13348 [ERROR] Native table 'performance_schema'.'session_connect_attrs' has the wrong structure
2017-12-31 17:40:27 13348 [ERROR] Native table 'performance_schema'.'session_account_connect_attrs' has the wrong structure
2017-12-31 17:40:27 13348 [Note] Event Scheduler: Loaded 0 events
2017-12-31 17:40:27 13348 [Note] D:\kettle-manager\mysql-km\bin\mysqld: ready for connections.
Version: '5.6.13-enterprise-commercial-advanced'  socket: ''  port: 3308  MySQL Enterprise Server - Advanced Edition (Commercial)
2017-12-31 17:41:50 318 InnoDB: Error: Table "mysql"."innodb_table_stats" not found.
2017-12-31 17:41:50 318 InnoDB: Error: Fetch of persistent statistics requested for table "kettle"."r_job" but the required system tables mysql.innodb_table_stats and mysql.innodb_index_stats are not present or have unexpected structure. Using transient stats instead.
2017-12-31 17:43:52 3774 InnoDB: Error: Table "mysql"."innodb_table_stats" not found.
2017-12-31 17:43:52 3774 InnoDB: Error: Table "mysql"."innodb_table_stats" not found.
2017-12-31 17:43:53 3774 InnoDB: Error: Table "mysql"."innodb_table_stats" not found.
2017-12-31 17:43:53 3774 InnoDB: Error: Table "mysql"."innodb_table_stats" not found.
2017-12-31 17:43:54 3774 InnoDB: Error: Table "mysql"."innodb_table_stats" not found.
2017-12-31 17:43:54 3774 InnoDB: Error: Table "mysql"."innodb_table_stats" not found.
2017-12-31 17:43:55 3774 InnoDB: Error: Table "mysql"."innodb_table_stats" not found.
2017-12-31 17:43:55 3774 InnoDB: Error: Table "mysql"."innodb_table_stats" not found.
2017-12-31 17:43:56 3774 InnoDB: Error: Table "mysql"."innodb_table_stats" not found.
2017-12-31 17:43:56 3774 InnoDB: Error: Table "mysql"."innodb_table_stats" not found.
2017-12-31 17:43:56 3774 InnoDB: Error: Table "mysql"."innodb_table_stats" not found.
2017-12-31 17:43:57 3774 InnoDB: Error: Table "mysql"."innodb_table_stats" not found.
2017-12-31 17:43:57 3774 InnoDB: Error: Table "mysql"."innodb_table_stats" not found.
2017-12-31 17:43:57 3774 InnoDB: Error: Table "mysql"."innodb_table_stats" not found.
2017-12-31 17:43:58 3774 InnoDB: Error: Table "mysql"."innodb_table_stats" not found.
2017-12-31 17:43:58 3774 InnoDB: Error: Table "mysql"."innodb_table_stats" not found.
2017-12-31 17:44:11 3140 InnoDB: Error: Table "mysql"."innodb_table_stats" not found.
2017-12-31 17:44:11 3140 InnoDB: Error: Table "mysql"."innodb_table_stats" not found.
2017-12-31 17:44:11 3140 InnoDB: Error: Fetch of persistent statistics requested for table "km"."eova_button" but the required system tables mysql.innodb_table_stats and mysql.innodb_index_stats are not present or have unexpected structure. Using transient stats instead.
2017-12-31 17:44:12 3140 InnoDB: Error: Table "mysql"."innodb_table_stats" not found.
2017-12-31 17:44:12 3140 InnoDB: Error: Table "mysql"."innodb_table_stats" not found.
2017-12-31 17:44:12 3140 InnoDB: Error: Fetch of persistent statistics requested for table "km"."eova_dict" but the required system tables mysql.innodb_table_stats and mysql.innodb_index_stats are not present or have unexpected structure. Using transient stats instead.
2017-12-31 17:44:13 3140 InnoDB: Error: Table "mysql"."innodb_table_stats" not found.
2017-12-31 17:44:13 3140 InnoDB: Error: Table "mysql"."innodb_table_stats" not found.
2017-12-31 17:44:13 3140 InnoDB: Error: Fetch of persistent statistics requested for table "km"."eova_field" but the required system tables mysql.innodb_table_stats and mysql.innodb_index_stats are not present or have unexpected structure. Using transient stats instead.
2017-12-31 17:44:13 3140 InnoDB: Error: Table "mysql"."innodb_table_stats" not found.
2017-12-31 17:44:13 3140 InnoDB: Error: Table "mysql"."innodb_table_stats" not found.
2017-12-31 17:44:13 3140 InnoDB: Error: Fetch of persistent statistics requested for table "km"."eova_log" but the required system tables mysql.innodb_table_stats and mysql.innodb_index_stats are not present or have unexpected structure. Using transient stats instead.
2017-12-31 17:44:14 3140 InnoDB: Error: Table "mysql"."innodb_table_stats" not found.
2017-12-31 17:44:14 3140 InnoDB: Error: Table "mysql"."innodb_table_stats" not found.
2017-12-31 17:44:14 3140 InnoDB: Error: Fetch of persistent statistics requested for table "km"."eova_menu" but the required system tables mysql.innodb_table_stats and mysql.innodb_index_stats are not present or have unexpected structure. Using transient stats instead.
2017-12-31 17:44:14 3140 InnoDB: Error: Table "mysql"."innodb_table_stats" not found.
2017-12-31 17:44:14 3140 InnoDB: Error: Table "mysql"."innodb_table_stats" not found.
2017-12-31 17:44:14 3140 InnoDB: Error: Table "mysql"."innodb_table_stats" not found.
2017-12-31 17:44:14 3140 InnoDB: Error: Fetch of persistent statistics requested for table "km"."eova_object" but the required system tables mysql.innodb_table_stats and mysql.innodb_index_stats are not present or have unexpected structure. Using transient stats instead.
2017-12-31 17:44:15 3140 InnoDB: Error: Table "mysql"."innodb_table_stats" not found.
2017-12-31 17:44:15 3140 InnoDB: Error: Table "mysql"."innodb_table_stats" not found.
2017-12-31 17:44:15 3140 InnoDB: Error: Fetch of persistent statistics requested for table "km"."eova_role" but the required system tables mysql.innodb_table_stats and mysql.innodb_index_stats are not present or have unexpected structure. Using transient stats instead.
2017-12-31 17:44:16 3140 InnoDB: Error: Table "mysql"."innodb_table_stats" not found.
2017-12-31 17:44:16 3140 InnoDB: Error: Table "mysql"."innodb_table_stats" not found.
2017-12-31 17:44:16 3140 InnoDB: Error: Fetch of persistent statistics requested for table "km"."eova_role_btn" but the required system tables mysql.innodb_table_stats and mysql.innodb_index_stats are not present or have unexpected structure. Using transient stats instead.
2017-12-31 17:44:17 3140 InnoDB: Error: Table "mysql"."innodb_table_stats" not found.
2017-12-31 17:44:17 3140 InnoDB: Error: Table "mysql"."innodb_table_stats" not found.
2017-12-31 17:44:17 3140 InnoDB: Error: Fetch of persistent statistics requested for table "km"."eova_task" but the required system tables mysql.innodb_table_stats and mysql.innodb_index_stats are not present or have unexpected structure. Using transient stats instead.
2017-12-31 17:44:17 3140 InnoDB: Error: Table "mysql"."innodb_table_stats" not found.
2017-12-31 17:44:17 3140 InnoDB: Error: Table "mysql"."innodb_table_stats" not found.
2017-12-31 17:44:17 3140 InnoDB: Error: Fetch of persistent statistics requested for table "km"."eova_user" but the required system tables mysql.innodb_table_stats and mysql.innodb_index_stats are not present or have unexpected structure. Using transient stats instead.
2017-12-31 17:44:18 3140 InnoDB: Error: Table "mysql"."innodb_table_stats" not found.
2017-12-31 17:44:18 3140 InnoDB: Error: Table "mysql"."innodb_table_stats" not found.
2017-12-31 17:44:18 3140 InnoDB: Error: Fetch of persistent statistics requested for table "km"."eova_widget" but the required system tables mysql.innodb_table_stats and mysql.innodb_index_stats are not present or have unexpected structure. Using transient stats instead.
2017-12-31 17:44:19 3140 InnoDB: Error: Table "mysql"."innodb_table_stats" not found.
2017-12-31 17:44:19 3140 InnoDB: Error: Table "mysql"."innodb_table_stats" not found.
2017-12-31 17:44:19 3140 InnoDB: Error: Table "mysql"."innodb_table_stats" not found.
2017-12-31 17:44:19 3140 InnoDB: Error: Fetch of persistent statistics requested for table "km"."sys_database" but the required system tables mysql.innodb_table_stats and mysql.innodb_index_stats are not present or have unexpected structure. Using transient stats instead.
2017-12-31 17:44:20 3140 InnoDB: Error: Table "mysql"."innodb_table_stats" not found.
2017-12-31 17:44:20 3140 InnoDB: Error: Table "mysql"."innodb_table_stats" not found.
2017-12-31 17:44:20 3140 InnoDB: Error: Fetch of persistent statistics requested for table "km"."sys_project" but the required system tables mysql.innodb_table_stats and mysql.innodb_index_stats are not present or have unexpected structure. Using transient stats instead.
2017-12-31 17:44:20 3140 InnoDB: Error: Table "mysql"."innodb_table_stats" not found.
2017-12-31 17:44:20 3140 InnoDB: Error: Table "mysql"."innodb_table_stats" not found.
2017-12-31 17:44:20 3140 InnoDB: Error: Fetch of persistent statistics requested for table "km"."sys_unify_dict" but the required system tables mysql.innodb_table_stats and mysql.innodb_index_stats are not present or have unexpected structure. Using transient stats instead.
2017-12-31 17:44:21 3140 InnoDB: Error: Table "mysql"."innodb_table_stats" not found.
2017-12-31 17:44:21 3140 InnoDB: Error: Table "mysql"."innodb_table_stats" not found.
2017-12-31 17:44:21 3140 InnoDB: Error: Fetch of persistent statistics requested for table "km"."test_xxx" but the required system tables mysql.innodb_table_stats and mysql.innodb_index_stats are not present or have unexpected structure. Using transient stats instead.
2017-12-31 17:44:31 45f0 InnoDB: Error: Table "mysql"."innodb_table_stats" not found.
2017-12-31 17:44:31 45f0 InnoDB: Recalculation of persistent statistics requested for table "km"."eova_button" but the required persistent statistics storage is not present or is corrupted. Using transient stats instead.
2017-12-31 17:44:41 45f0 InnoDB: Error: Table "mysql"."innodb_table_stats" not found.
2017-12-31 17:44:41 45f0 InnoDB: Recalculation of persistent statistics requested for table "km"."eova_task" but the required persistent statistics storage is not present or is corrupted. Using transient stats instead.
2017-12-31 17:44:51 45f0 InnoDB: Error: Table "mysql"."innodb_table_stats" not found.
2017-12-31 17:44:51 45f0 InnoDB: Recalculation of persistent statistics requested for table "km"."eova_menu" but the required persistent statistics storage is not present or is corrupted. Using transient stats instead.
2017-12-31 17:45:01 45f0 InnoDB: Error: Table "mysql"."innodb_table_stats" not found.
2017-12-31 17:45:01 45f0 InnoDB: Recalculation of persistent statistics requested for table "km"."eova_user" but the required persistent statistics storage is not present or is corrupted. Using transient stats instead.
2017-12-31 17:45:11 45f0 InnoDB: Error: Table "mysql"."innodb_table_stats" not found.
2017-12-31 17:45:11 45f0 InnoDB: Recalculation of persistent statistics requested for table "km"."eova_field" but the required persistent statistics storage is not present or is corrupted. Using transient stats instead.
2017-12-31 17:45:19 3140 InnoDB: Error: Table "mysql"."innodb_table_stats" not found.
2017-12-31 17:45:19 3140 InnoDB: Error: Table "mysql"."innodb_table_stats" not found.
2017-12-31 17:45:19 3140 InnoDB: Error: Table "mysql"."innodb_table_stats" not found.
2017-12-31 17:45:19 3140 InnoDB: Recalculation of persistent statistics requested for table "kettle"."r_job" but the required persistent statistics storage is not present or is corrupted. Using transient stats instead.
2017-12-31 17:45:19 3140 InnoDB: Error: Table "mysql"."innodb_table_stats" not found.
2017-12-31 17:45:19 3140 InnoDB: Error: Fetch of persistent statistics requested for table "kettle"."r_job" but the required system tables mysql.innodb_table_stats and mysql.innodb_index_stats are not present or have unexpected structure. Using transient stats instead.
2017-12-31 17:45:20 3140 InnoDB: Error: Table "mysql"."innodb_table_stats" not found.
2017-12-31 17:45:20 3140 InnoDB: Error: Table "mysql"."innodb_table_stats" not found.
2017-12-31 17:45:20 3140 InnoDB: Error: Table "mysql"."innodb_table_stats" not found.
2017-12-31 17:45:20 3140 InnoDB: Recalculation of persistent statistics requested for table "kettle"."r_job" but the required persistent statistics storage is not present or is corrupted. Using transient stats instead.
2017-12-31 17:45:20 3140 InnoDB: Error: Table "mysql"."innodb_table_stats" not found.
2017-12-31 17:45:20 3140 InnoDB: Error: Fetch of persistent statistics requested for table "kettle"."r_job" but the required system tables mysql.innodb_table_stats and mysql.innodb_index_stats are not present or have unexpected structure. Using transient stats instead.
2017-12-31 17:45:20 3140 InnoDB: Error: Table "mysql"."innodb_table_stats" not found.
2017-12-31 17:45:20 3140 InnoDB: Error: Table "mysql"."innodb_table_stats" not found.
2017-12-31 17:45:20 3140 InnoDB: Error: Table "mysql"."innodb_table_stats" not found.
2017-12-31 17:45:20 3140 InnoDB: Recalculation of persistent statistics requested for table "kettle"."r_job" but the required persistent statistics storage is not present or is corrupted. Using transient stats instead.
2017-12-31 17:45:20 3140 InnoDB: Error: Table "mysql"."innodb_table_stats" not found.
2017-12-31 17:45:20 3140 InnoDB: Error: Fetch of persistent statistics requested for table "kettle"."r_job" but the required system tables mysql.innodb_table_stats and mysql.innodb_index_stats are not present or have unexpected structure. Using transient stats instead.
2017-12-31 17:45:21 3140 InnoDB: Error: Table "mysql"."innodb_table_stats" not found.
2017-12-31 17:45:21 3140 InnoDB: Error: Table "mysql"."innodb_table_stats" not found.
2017-12-31 17:45:21 3140 InnoDB: Error: Table "mysql"."innodb_table_stats" not found.
2017-12-31 17:45:21 3140 InnoDB: Recalculation of persistent statistics requested for table "kettle"."r_job" but the required persistent statistics storage is not present or is corrupted. Using transient stats instead.
2017-12-31 17:45:21 3140 InnoDB: Error: Table "mysql"."innodb_table_stats" not found.
2017-12-31 17:45:21 3140 InnoDB: Error: Fetch of persistent statistics requested for table "kettle"."r_job" but the required system tables mysql.innodb_table_stats and mysql.innodb_index_stats are not present or have unexpected structure. Using transient stats instead.
2017-12-31 17:45:21 45f0 InnoDB: Error: Table "mysql"."innodb_table_stats" not found.
2017-12-31 17:45:21 45f0 InnoDB: Recalculation of persistent statistics requested for table "km"."eova_widget" but the required persistent statistics storage is not present or is corrupted. Using transient stats instead.
2017-12-31 17:45:31 45f0 InnoDB: Error: Table "mysql"."innodb_table_stats" not found.
2017-12-31 17:45:31 45f0 InnoDB: Recalculation of persistent statistics requested for table "km"."eova_object" but the required persistent statistics storage is not present or is corrupted. Using transient stats instead.
2017-12-31 17:45:41 45f0 InnoDB: Error: Table "mysql"."innodb_table_stats" not found.
2017-12-31 17:45:41 45f0 InnoDB: Recalculation of persistent statistics requested for table "km"."sys_database" but the required persistent statistics storage is not present or is corrupted. Using transient stats instead.
2017-12-31 17:45:51 45f0 InnoDB: Error: Table "mysql"."innodb_table_stats" not found.
2017-12-31 17:45:51 45f0 InnoDB: Recalculation of persistent statistics requested for table "km"."eova_dict" but the required persistent statistics storage is not present or is corrupted. Using transient stats instead.
2017-12-31 17:46:01 45f0 InnoDB: Error: Table "mysql"."innodb_table_stats" not found.
2017-12-31 17:46:01 45f0 InnoDB: Recalculation of persistent statistics requested for table "km"."sys_project" but the required persistent statistics storage is not present or is corrupted. Using transient stats instead.
2017-12-31 17:46:11 45f0 InnoDB: Error: Table "mysql"."innodb_table_stats" not found.
2017-12-31 17:46:11 45f0 InnoDB: Recalculation of persistent statistics requested for table "km"."eova_role" but the required persistent statistics storage is not present or is corrupted. Using transient stats instead.
2017-12-31 17:46:21 45f0 InnoDB: Error: Table "mysql"."innodb_table_stats" not found.
2017-12-31 17:46:21 45f0 InnoDB: Recalculation of persistent statistics requested for table "km"."sys_unify_dict" but the required persistent statistics storage is not present or is corrupted. Using transient stats instead.
2017-12-31 17:46:31 45f0 InnoDB: Error: Table "mysql"."innodb_table_stats" not found.
2017-12-31 17:46:31 45f0 InnoDB: Recalculation of persistent statistics requested for table "km"."eova_log" but the required persistent statistics storage is not present or is corrupted. Using transient stats instead.
2017-12-31 17:46:41 45f0 InnoDB: Error: Table "mysql"."innodb_table_stats" not found.
2017-12-31 17:46:41 45f0 InnoDB: Recalculation of persistent statistics requested for table "km"."test_xxx" but the required persistent statistics storage is not present or is corrupted. Using transient stats instead.
2017-12-31 17:46:51 45f0 InnoDB: Error: Table "mysql"."innodb_table_stats" not found.
2017-12-31 17:46:51 45f0 InnoDB: Recalculation of persistent statistics requested for table "km"."eova_role_btn" but the required persistent statistics storage is not present or is corrupted. Using transient stats instead.
2017-12-31 17:47:57 46b4 InnoDB: Error: Table "mysql"."innodb_table_stats" not found.
2017-12-31 17:47:57 46b4 InnoDB: Error: Fetch of persistent statistics requested for table "km"."eova_menu_object" but the required system tables mysql.innodb_table_stats and mysql.innodb_index_stats are not present or have unexpected structure. Using transient stats instead.
2017-12-31 17:49:11 4064 InnoDB: Error: Table "mysql"."innodb_table_stats" not found.
2017-12-31 17:49:11 4064 InnoDB: Error: Fetch of persistent statistics requested for table "kettle"."r_jobentry_type" but the required system tables mysql.innodb_table_stats and mysql.innodb_index_stats are not present or have unexpected structure. Using transient stats instead.
2017-12-31 17:49:11 4064 InnoDB: Error: Table "mysql"."innodb_table_stats" not found.
2017-12-31 17:49:11 4064 InnoDB: Error: Fetch of persistent statistics requested for table "kettle"."r_jobentry" but the required system tables mysql.innodb_table_stats and mysql.innodb_index_stats are not present or have unexpected structure. Using transient stats instead.
2017-12-31 17:49:11 4064 InnoDB: Error: Table "mysql"."innodb_table_stats" not found.
2017-12-31 17:49:11 4064 InnoDB: Error: Fetch of persistent statistics requested for table "kettle"."r_jobentry_attribute" but the required system tables mysql.innodb_table_stats and mysql.innodb_index_stats are not present or have unexpected structure. Using transient stats instead.
2017-12-31 17:53:06 28ec InnoDB: Error: Table "mysql"."innodb_table_stats" not found.
2017-12-31 17:53:06 28ec InnoDB: Error: Fetch of persistent statistics requested for table "kettle"."r_version" but the required system tables mysql.innodb_table_stats and mysql.innodb_index_stats are not present or have unexpected structure. Using transient stats instead.
2017-12-31 17:53:06 28ec InnoDB: Error: Table "mysql"."innodb_table_stats" not found.
2017-12-31 17:53:06 28ec InnoDB: Error: Fetch of persistent statistics requested for table "kettle"."r_user" but the required system tables mysql.innodb_table_stats and mysql.innodb_index_stats are not present or have unexpected structure. Using transient stats instead.
2017-12-31 17:53:35 28ec InnoDB: Error: Table "mysql"."innodb_table_stats" not found.
2017-12-31 17:53:35 28ec InnoDB: Error: Fetch of persistent statistics requested for table "kettle"."r_job_note" but the required system tables mysql.innodb_table_stats and mysql.innodb_index_stats are not present or have unexpected structure. Using transient stats instead.
2017-12-31 17:53:36 28ec InnoDB: Error: Table "mysql"."innodb_table_stats" not found.
2017-12-31 17:53:36 28ec InnoDB: Error: Fetch of persistent statistics requested for table "kettle"."r_job_attribute" but the required system tables mysql.innodb_table_stats and mysql.innodb_index_stats are not present or have unexpected structure. Using transient stats instead.
2017-12-31 17:53:36 28ec InnoDB: Error: Table "mysql"."innodb_table_stats" not found.
2017-12-31 17:53:36 28ec InnoDB: Error: Fetch of persistent statistics requested for table "kettle"."r_jobentry_database" but the required system tables mysql.innodb_table_stats and mysql.innodb_index_stats are not present or have unexpected structure. Using transient stats instead.
2017-12-31 17:53:36 45f0 InnoDB: Error: Table "mysql"."innodb_table_stats" not found.
2017-12-31 17:53:36 45f0 InnoDB: Recalculation of persistent statistics requested for table "kettle"."r_jobentry_attribute" but the required persistent statistics storage is not present or is corrupted. Using transient stats instead.
2017-12-31 17:53:36 28ec InnoDB: Error: Table "mysql"."innodb_table_stats" not found.
2017-12-31 17:53:36 28ec InnoDB: Error: Fetch of persistent statistics requested for table "kettle"."r_jobentry_copy" but the required system tables mysql.innodb_table_stats and mysql.innodb_index_stats are not present or have unexpected structure. Using transient stats instead.
2017-12-31 17:53:36 28ec InnoDB: Error: Table "mysql"."innodb_table_stats" not found.
2017-12-31 17:53:36 28ec InnoDB: Error: Fetch of persistent statistics requested for table "kettle"."r_job_hop" but the required system tables mysql.innodb_table_stats and mysql.innodb_index_stats are not present or have unexpected structure. Using transient stats instead.
2017-12-31 17:53:36 45f0 InnoDB: Error: Table "mysql"."innodb_table_stats" not found.
2017-12-31 17:53:36 45f0 InnoDB: Recalculation of persistent statistics requested for table "kettle"."r_jobentry" but the required persistent statistics storage is not present or is corrupted. Using transient stats instead.
2017-12-31 17:53:46 45f0 InnoDB: Error: Table "mysql"."innodb_table_stats" not found.
2017-12-31 17:53:46 45f0 InnoDB: Recalculation of persistent statistics requested for table "kettle"."r_jobentry_copy" but the required persistent statistics storage is not present or is corrupted. Using transient stats instead.
2017-12-31 17:53:56 45f0 InnoDB: Error: Table "mysql"."innodb_table_stats" not found.
2017-12-31 17:53:56 45f0 InnoDB: Recalculation of persistent statistics requested for table "kettle"."r_job_attribute" but the required persistent statistics storage is not present or is corrupted. Using transient stats instead.
2017-12-31 17:54:06 45f0 InnoDB: Error: Table "mysql"."innodb_table_stats" not found.
2017-12-31 17:54:06 45f0 InnoDB: Recalculation of persistent statistics requested for table "kettle"."r_job_hop" but the required persistent statistics storage is not present or is corrupted. Using transient stats instead.
2017-12-31 17:54:30 28ec InnoDB: Error: Table "mysql"."innodb_table_stats" not found.
2017-12-31 17:54:30 28ec InnoDB: Error: Fetch of persistent statistics requested for table "kettle"."r_directory" but the required system tables mysql.innodb_table_stats and mysql.innodb_index_stats are not present or have unexpected structure. Using transient stats instead.
2017-12-31 17:54:31 28ec InnoDB: Error: Table "mysql"."innodb_table_stats" not found.
2017-12-31 17:54:31 28ec InnoDB: Error: Fetch of persistent statistics requested for table "kettle"."r_database" but the required system tables mysql.innodb_table_stats and mysql.innodb_index_stats are not present or have unexpected structure. Using transient stats instead.
2017-12-31 17:54:31 28ec InnoDB: Error: Table "mysql"."innodb_table_stats" not found.
2017-12-31 17:54:31 28ec InnoDB: Error: Fetch of persistent statistics requested for table "kettle"."r_database_type" but the required system tables mysql.innodb_table_stats and mysql.innodb_index_stats are not present or have unexpected structure. Using transient stats instead.
2017-12-31 17:54:31 28ec InnoDB: Error: Table "mysql"."innodb_table_stats" not found.
2017-12-31 17:54:31 28ec InnoDB: Error: Fetch of persistent statistics requested for table "kettle"."r_database_contype" but the required system tables mysql.innodb_table_stats and mysql.innodb_index_stats are not present or have unexpected structure. Using transient stats instead.
2017-12-31 17:54:31 28ec InnoDB: Error: Table "mysql"."innodb_table_stats" not found.
2017-12-31 17:54:31 28ec InnoDB: Error: Fetch of persistent statistics requested for table "kettle"."r_database_attribute" but the required system tables mysql.innodb_table_stats and mysql.innodb_index_stats are not present or have unexpected structure. Using transient stats instead.
2017-12-31 17:54:31 28ec InnoDB: Error: Table "mysql"."innodb_table_stats" not found.
2017-12-31 17:54:31 28ec InnoDB: Error: Fetch of persistent statistics requested for table "kettle"."r_slave" but the required system tables mysql.innodb_table_stats and mysql.innodb_index_stats are not present or have unexpected structure. Using transient stats instead.
2017-12-31 17:54:31 28ec InnoDB: Error: Table "mysql"."innodb_table_stats" not found.
2017-12-31 17:54:31 28ec InnoDB: Error: Fetch of persistent statistics requested for table "kettle"."r_cluster" but the required system tables mysql.innodb_table_stats and mysql.innodb_index_stats are not present or have unexpected structure. Using transient stats instead.
2017-12-31 17:54:31 28ec InnoDB: Error: Table "mysql"."innodb_table_stats" not found.
2017-12-31 17:54:31 28ec InnoDB: Error: Fetch of persistent statistics requested for table "kettle"."r_cluster_slave" but the required system tables mysql.innodb_table_stats and mysql.innodb_index_stats are not present or have unexpected structure. Using transient stats instead.
2017-12-31 17:54:31 28ec InnoDB: Error: Table "mysql"."innodb_table_stats" not found.
2017-12-31 17:54:31 28ec InnoDB: Error: Fetch of persistent statistics requested for table "kettle"."r_condition" but the required system tables mysql.innodb_table_stats and mysql.innodb_index_stats are not present or have unexpected structure. Using transient stats instead.
2017-12-31 17:54:31 28ec InnoDB: Error: Table "mysql"."innodb_table_stats" not found.
2017-12-31 17:54:31 28ec InnoDB: Error: Fetch of persistent statistics requested for table "kettle"."r_dependency" but the required system tables mysql.innodb_table_stats and mysql.innodb_index_stats are not present or have unexpected structure. Using transient stats instead.
2017-12-31 17:54:31 28ec InnoDB: Error: Table "mysql"."innodb_table_stats" not found.
2017-12-31 17:54:31 28ec InnoDB: Error: Fetch of persistent statistics requested for table "kettle"."r_job_lock" but the required system tables mysql.innodb_table_stats and mysql.innodb_index_stats are not present or have unexpected structure. Using transient stats instead.
2017-12-31 17:54:31 28ec InnoDB: Error: Table "mysql"."innodb_table_stats" not found.
2017-12-31 17:54:31 28ec InnoDB: Error: Fetch of persistent statistics requested for table "kettle"."r_log" but the required system tables mysql.innodb_table_stats and mysql.innodb_index_stats are not present or have unexpected structure. Using transient stats instead.
2017-12-31 17:54:31 28ec InnoDB: Error: Table "mysql"."innodb_table_stats" not found.
2017-12-31 17:54:31 28ec InnoDB: Error: Fetch of persistent statistics requested for table "kettle"."r_loglevel" but the required system tables mysql.innodb_table_stats and mysql.innodb_index_stats are not present or have unexpected structure. Using transient stats instead.
2017-12-31 17:54:31 28ec InnoDB: Error: Table "mysql"."innodb_table_stats" not found.
2017-12-31 17:54:31 28ec InnoDB: Error: Fetch of persistent statistics requested for table "kettle"."r_note" but the required system tables mysql.innodb_table_stats and mysql.innodb_index_stats are not present or have unexpected structure. Using transient stats instead.
2017-12-31 17:54:31 28ec InnoDB: Error: Table "mysql"."innodb_table_stats" not found.
2017-12-31 17:54:31 28ec InnoDB: Error: Fetch of persistent statistics requested for table "kettle"."r_partition" but the required system tables mysql.innodb_table_stats and mysql.innodb_index_stats are not present or have unexpected structure. Using transient stats instead.
2017-12-31 17:54:31 28ec InnoDB: Error: Table "mysql"."innodb_table_stats" not found.
2017-12-31 17:54:31 28ec InnoDB: Error: Fetch of persistent statistics requested for table "kettle"."r_partition_schema" but the required system tables mysql.innodb_table_stats and mysql.innodb_index_stats are not present or have unexpected structure. Using transient stats instead.
2017-12-31 17:54:31 28ec InnoDB: Error: Table "mysql"."innodb_table_stats" not found.
2017-12-31 17:54:31 28ec InnoDB: Error: Fetch of persistent statistics requested for table "kettle"."r_repository_log" but the required system tables mysql.innodb_table_stats and mysql.innodb_index_stats are not present or have unexpected structure. Using transient stats instead.
2017-12-31 17:54:31 28ec InnoDB: Error: Table "mysql"."innodb_table_stats" not found.
2017-12-31 17:54:31 28ec InnoDB: Error: Fetch of persistent statistics requested for table "kettle"."r_step" but the required system tables mysql.innodb_table_stats and mysql.innodb_index_stats are not present or have unexpected structure. Using transient stats instead.
2017-12-31 17:54:31 28ec InnoDB: Error: Table "mysql"."innodb_table_stats" not found.
2017-12-31 17:54:31 28ec InnoDB: Error: Fetch of persistent statistics requested for table "kettle"."r_step_attribute" but the required system tables mysql.innodb_table_stats and mysql.innodb_index_stats are not present or have unexpected structure. Using transient stats instead.
2017-12-31 17:54:31 28ec InnoDB: Error: Table "mysql"."innodb_table_stats" not found.
2017-12-31 17:54:31 28ec InnoDB: Error: Fetch of persistent statistics requested for table "kettle"."r_step_database" but the required system tables mysql.innodb_table_stats and mysql.innodb_index_stats are not present or have unexpected structure. Using transient stats instead.
2017-12-31 17:54:31 28ec InnoDB: Error: Table "mysql"."innodb_table_stats" not found.
2017-12-31 17:54:31 28ec InnoDB: Error: Fetch of persistent statistics requested for table "kettle"."r_step_type" but the required system tables mysql.innodb_table_stats and mysql.innodb_index_stats are not present or have unexpected structure. Using transient stats instead.
2017-12-31 17:54:31 28ec InnoDB: Error: Table "mysql"."innodb_table_stats" not found.
2017-12-31 17:54:31 28ec InnoDB: Error: Fetch of persistent statistics requested for table "kettle"."r_transformation" but the required system tables mysql.innodb_table_stats and mysql.innodb_index_stats are not present or have unexpected structure. Using transient stats instead.
2017-12-31 17:54:31 28ec InnoDB: Error: Table "mysql"."innodb_table_stats" not found.
2017-12-31 17:54:31 28ec InnoDB: Error: Fetch of persistent statistics requested for table "kettle"."r_trans_attribute" but the required system tables mysql.innodb_table_stats and mysql.innodb_index_stats are not present or have unexpected structure. Using transient stats instead.
2017-12-31 17:54:31 28ec InnoDB: Error: Table "mysql"."innodb_table_stats" not found.
2017-12-31 17:54:31 28ec InnoDB: Error: Fetch of persistent statistics requested for table "kettle"."r_trans_cluster" but the required system tables mysql.innodb_table_stats and mysql.innodb_index_stats are not present or have unexpected structure. Using transient stats instead.
2017-12-31 17:54:31 28ec InnoDB: Error: Table "mysql"."innodb_table_stats" not found.
2017-12-31 17:54:31 28ec InnoDB: Error: Fetch of persistent statistics requested for table "kettle"."r_trans_hop" but the required system tables mysql.innodb_table_stats and mysql.innodb_index_stats are not present or have unexpected structure. Using transient stats instead.
2017-12-31 17:54:31 28ec InnoDB: Error: Table "mysql"."innodb_table_stats" not found.
2017-12-31 17:54:31 28ec InnoDB: Error: Fetch of persistent statistics requested for table "kettle"."r_trans_lock" but the required system tables mysql.innodb_table_stats and mysql.innodb_index_stats are not present or have unexpected structure. Using transient stats instead.
2017-12-31 17:54:31 28ec InnoDB: Error: Table "mysql"."innodb_table_stats" not found.
2017-12-31 17:54:31 28ec InnoDB: Error: Fetch of persistent statistics requested for table "kettle"."r_trans_note" but the required system tables mysql.innodb_table_stats and mysql.innodb_index_stats are not present or have unexpected structure. Using transient stats instead.
2017-12-31 17:54:31 28ec InnoDB: Error: Table "mysql"."innodb_table_stats" not found.
2017-12-31 17:54:31 28ec InnoDB: Error: Fetch of persistent statistics requested for table "kettle"."r_trans_partition_schema" but the required system tables mysql.innodb_table_stats and mysql.innodb_index_stats are not present or have unexpected structure. Using transient stats instead.
2017-12-31 17:54:31 28ec InnoDB: Error: Table "mysql"."innodb_table_stats" not found.
2017-12-31 17:54:31 28ec InnoDB: Error: Fetch of persistent statistics requested for table "kettle"."r_trans_slave" but the required system tables mysql.innodb_table_stats and mysql.innodb_index_stats are not present or have unexpected structure. Using transient stats instead.
2017-12-31 17:54:31 28ec InnoDB: Error: Table "mysql"."innodb_table_stats" not found.
2017-12-31 17:54:31 28ec InnoDB: Error: Fetch of persistent statistics requested for table "kettle"."r_trans_step_condition" but the required system tables mysql.innodb_table_stats and mysql.innodb_index_stats are not present or have unexpected structure. Using transient stats instead.
2017-12-31 17:54:31 28ec InnoDB: Error: Table "mysql"."innodb_table_stats" not found.
2017-12-31 17:54:31 28ec InnoDB: Error: Fetch of persistent statistics requested for table "kettle"."r_value" but the required system tables mysql.innodb_table_stats and mysql.innodb_index_stats are not present or have unexpected structure. Using transient stats instead.
2017-12-31 17:54:31 28ec InnoDB: Error: Table "mysql"."innodb_table_stats" not found.
2017-12-31 17:54:31 28ec InnoDB: Error: Fetch of persistent statistics requested for table "kettle"."r_namespace" but the required system tables mysql.innodb_table_stats and mysql.innodb_index_stats are not present or have unexpected structure. Using transient stats instead.
2017-12-31 17:54:31 28ec InnoDB: Error: Table "mysql"."innodb_table_stats" not found.
2017-12-31 17:54:31 28ec InnoDB: Error: Fetch of persistent statistics requested for table "kettle"."r_element_type" but the required system tables mysql.innodb_table_stats and mysql.innodb_index_stats are not present or have unexpected structure. Using transient stats instead.
2017-12-31 17:54:31 28ec InnoDB: Error: Table "mysql"."innodb_table_stats" not found.
2017-12-31 17:54:31 28ec InnoDB: Error: Fetch of persistent statistics requested for table "kettle"."r_element" but the required system tables mysql.innodb_table_stats and mysql.innodb_index_stats are not present or have unexpected structure. Using transient stats instead.
2017-12-31 17:54:31 28ec InnoDB: Error: Table "mysql"."innodb_table_stats" not found.
2017-12-31 17:54:31 28ec InnoDB: Error: Fetch of persistent statistics requested for table "kettle"."r_element_attribute" but the required system tables mysql.innodb_table_stats and mysql.innodb_index_stats are not present or have unexpected structure. Using transient stats instead.
2017-12-31 18:14:26 45f0 InnoDB: Error: Table "mysql"."innodb_table_stats" not found.
2017-12-31 18:14:26 45f0 InnoDB: Recalculation of persistent statistics requested for table "kettle"."r_database_attribute" but the required persistent statistics storage is not present or is corrupted. Using transient stats instead.
2017-12-31 18:14:26 45f0 InnoDB: Error: Table "mysql"."innodb_table_stats" not found.
2017-12-31 18:14:26 45f0 InnoDB: Recalculation of persistent statistics requested for table "kettle"."r_job" but the required persistent statistics storage is not present or is corrupted. Using transient stats instead.
2017-12-31 18:14:27 45f0 InnoDB: Error: Table "mysql"."innodb_table_stats" not found.
2017-12-31 18:14:27 45f0 InnoDB: Recalculation of persistent statistics requested for table "kettle"."r_job_attribute" but the required persistent statistics storage is not present or is corrupted. Using transient stats instead.
2017-12-31 18:14:27 45f0 InnoDB: Error: Table "mysql"."innodb_table_stats" not found.
2017-12-31 18:14:27 45f0 InnoDB: Recalculation of persistent statistics requested for table "kettle"."r_jobentry_attribute" but the required persistent statistics storage is not present or is corrupted. Using transient stats instead.
2017-12-31 18:14:29 45f0 InnoDB: Error: Table "mysql"."innodb_table_stats" not found.
2017-12-31 18:14:29 45f0 InnoDB: Recalculation of persistent statistics requested for table "kettle"."r_jobentry" but the required persistent statistics storage is not present or is corrupted. Using transient stats instead.
2017-12-31 18:14:29 45f0 InnoDB: Error: Table "mysql"."innodb_table_stats" not found.
2017-12-31 18:14:29 45f0 InnoDB: Recalculation of persistent statistics requested for table "kettle"."r_jobentry_copy" but the required persistent statistics storage is not present or is corrupted. Using transient stats instead.
2017-12-31 18:14:29 45f0 InnoDB: Error: Table "mysql"."innodb_table_stats" not found.
2017-12-31 18:14:29 45f0 InnoDB: Recalculation of persistent statistics requested for table "kettle"."r_job_hop" but the required persistent statistics storage is not present or is corrupted. Using transient stats instead.
2017-12-31 18:14:40 45f0 InnoDB: Error: Table "mysql"."innodb_table_stats" not found.
2017-12-31 18:14:40 45f0 InnoDB: Recalculation of persistent statistics requested for table "kettle"."r_job_attribute" but the required persistent statistics storage is not present or is corrupted. Using transient stats instead.
2017-12-31 18:14:50 45f0 InnoDB: Error: Table "mysql"."innodb_table_stats" not found.
2017-12-31 18:14:50 45f0 InnoDB: Recalculation of persistent statistics requested for table "kettle"."r_jobentry_attribute" but the required persistent statistics storage is not present or is corrupted. Using transient stats instead.
2017-12-31 18:14:51 45f0 InnoDB: Error: Table "mysql"."innodb_table_stats" not found.
2017-12-31 18:14:51 45f0 InnoDB: Recalculation of persistent statistics requested for table "kettle"."r_jobentry" but the required persistent statistics storage is not present or is corrupted. Using transient stats instead.
2017-12-31 18:14:51 45f0 InnoDB: Error: Table "mysql"."innodb_table_stats" not found.
2017-12-31 18:14:51 45f0 InnoDB: Recalculation of persistent statistics requested for table "kettle"."r_jobentry_copy" but the required persistent statistics storage is not present or is corrupted. Using transient stats instead.
2017-12-31 18:15:01 45f0 InnoDB: Error: Table "mysql"."innodb_table_stats" not found.
2017-12-31 18:15:01 45f0 InnoDB: Recalculation of persistent statistics requested for table "kettle"."r_job" but the required persistent statistics storage is not present or is corrupted. Using transient stats instead.
2017-12-31 18:15:11 45f0 InnoDB: Error: Table "mysql"."innodb_table_stats" not found.
2017-12-31 18:15:11 45f0 InnoDB: Recalculation of persistent statistics requested for table "kettle"."r_job_hop" but the required persistent statistics storage is not present or is corrupted. Using transient stats instead.
2017-12-31 18:15:21 45f0 InnoDB: Error: Table "mysql"."innodb_table_stats" not found.
2017-12-31 18:15:21 45f0 InnoDB: Recalculation of persistent statistics requested for table "kettle"."r_database_attribute" but the required persistent statistics storage is not present or is corrupted. Using transient stats instead.
2017-12-31 18:15:31 45f0 InnoDB: Error: Table "mysql"."innodb_table_stats" not found.
2017-12-31 18:15:31 45f0 InnoDB: Recalculation of persistent statistics requested for table "kettle"."r_job_attribute" but the required persistent statistics storage is not present or is corrupted. Using transient stats instead.
2017-12-31 18:15:41 45f0 InnoDB: Error: Table "mysql"."innodb_table_stats" not found.
2017-12-31 18:15:41 45f0 InnoDB: Recalculation of persistent statistics requested for table "kettle"."r_jobentry_attribute" but the required persistent statistics storage is not present or is corrupted. Using transient stats instead.
2017-12-31 18:15:51 45f0 InnoDB: Error: Table "mysql"."innodb_table_stats" not found.
2017-12-31 18:15:51 45f0 InnoDB: Recalculation of persistent statistics requested for table "kettle"."r_jobentry" but the required persistent statistics storage is not present or is corrupted. Using transient stats instead.
2017-12-31 18:16:00 46b4 InnoDB: Error: Table "mysql"."innodb_table_stats" not found.
2017-12-31 18:16:00 46b4 InnoDB: Error: Fetch of persistent statistics requested for table "kettle"."job_log" but the required system tables mysql.innodb_table_stats and mysql.innodb_index_stats are not present or have unexpected structure. Using transient stats instead.
2017-12-31 18:16:01 45f0 InnoDB: Error: Table "mysql"."innodb_table_stats" not found.
2017-12-31 18:16:01 45f0 InnoDB: Recalculation of persistent statistics requested for table "kettle"."r_jobentry_copy" but the required persistent statistics storage is not present or is corrupted. Using transient stats instead.
2017-12-31 18:16:01 2c38 InnoDB: Error: Table "mysql"."innodb_table_stats" not found.
2017-12-31 18:16:01 2c38 InnoDB: Error: Fetch of persistent statistics requested for table "km"."km_kettle_log" but the required system tables mysql.innodb_table_stats and mysql.innodb_index_stats are not present or have unexpected structure. Using transient stats instead.
2017-12-31 18:17:13 3140 InnoDB: Error: Table "mysql"."innodb_table_stats" not found.
2017-12-31 18:17:18 46b4 InnoDB: Error: Table "mysql"."innodb_table_stats" not found.
2017-12-31 18:17:18 46b4 InnoDB: Error: Fetch of persistent statistics requested for table "kettle"."job_warning" but the required system tables mysql.innodb_table_stats and mysql.innodb_index_stats are not present or have unexpected structure. Using transient stats instead.
2017-12-31 18:27:53 13348 [Note] D:\kettle-manager\mysql-km\bin\mysqld: Normal shutdown

2017-12-31 18:27:53 13348 [Note] Giving 3 client threads a chance to die gracefully
2017-12-31 18:27:53 13348 [Note] Event Scheduler: Purging the queue. 0 events
2017-12-31 18:27:53 13348 [Note] Shutting down slave threads
2017-12-31 18:27:55 13348 [Note] Forcefully disconnecting 3 remaining clients
2017-12-31 18:27:55 13348 [Warning] D:\kettle-manager\mysql-km\bin\mysqld: Forcing close of thread 3  user: 'root'

2017-12-31 18:27:55 13348 [Warning] D:\kettle-manager\mysql-km\bin\mysqld: Forcing close of thread 2  user: 'root'

2017-12-31 18:27:55 13348 [Warning] D:\kettle-manager\mysql-km\bin\mysqld: Forcing close of thread 5  user: 'root'

2017-12-31 18:27:55 13348 [Note] Binlog end
2017-12-31 18:27:55 13348 [Note] Shutting down plugin 'partition'
2017-12-31 18:27:55 13348 [Note] Shutting down plugin 'PERFORMANCE_SCHEMA'
2017-12-31 18:27:55 13348 [Note] Shutting down plugin 'INNODB_SYS_DATAFILES'
2017-12-31 18:27:55 13348 [Note] Shutting down plugin 'INNODB_SYS_TABLESPACES'
2017-12-31 18:27:55 13348 [Note] Shutting down plugin 'INNODB_SYS_FOREIGN_COLS'
2017-12-31 18:27:55 13348 [Note] Shutting down plugin 'INNODB_SYS_FOREIGN'
2017-12-31 18:27:55 13348 [Note] Shutting down plugin 'INNODB_SYS_FIELDS'
2017-12-31 18:27:55 13348 [Note] Shutting down plugin 'INNODB_SYS_COLUMNS'
2017-12-31 18:27:55 13348 [Note] Shutting down plugin 'INNODB_SYS_INDEXES'
2017-12-31 18:27:55 13348 [Note] Shutting down plugin 'INNODB_SYS_TABLESTATS'
2017-12-31 18:27:55 13348 [Note] Shutting down plugin 'INNODB_SYS_TABLES'
2017-12-31 18:27:55 13348 [Note] Shutting down plugin 'INNODB_FT_INDEX_TABLE'
2017-12-31 18:27:55 13348 [Note] Shutting down plugin 'INNODB_FT_INDEX_CACHE'
2017-12-31 18:27:55 13348 [Note] Shutting down plugin 'INNODB_FT_CONFIG'
2017-12-31 18:27:55 13348 [Note] Shutting down plugin 'INNODB_FT_BEING_DELETED'
2017-12-31 18:27:55 13348 [Note] Shutting down plugin 'INNODB_FT_DELETED'
2017-12-31 18:27:55 13348 [Note] Shutting down plugin 'INNODB_FT_DEFAULT_STOPWORD'
2017-12-31 18:27:55 13348 [Note] Shutting down plugin 'INNODB_METRICS'
2017-12-31 18:27:55 13348 [Note] Shutting down plugin 'INNODB_BUFFER_POOL_STATS'
2017-12-31 18:27:55 13348 [Note] Shutting down plugin 'INNODB_BUFFER_PAGE_LRU'
2017-12-31 18:27:55 13348 [Note] Shutting down plugin 'INNODB_BUFFER_PAGE'
2017-12-31 18:27:55 13348 [Note] Shutting down plugin 'INNODB_CMP_PER_INDEX_RESET'
2017-12-31 18:27:55 13348 [Note] Shutting down plugin 'INNODB_CMP_PER_INDEX'
2017-12-31 18:27:55 13348 [Note] Shutting down plugin 'INNODB_CMPMEM_RESET'
2017-12-31 18:27:55 13348 [Note] Shutting down plugin 'INNODB_CMPMEM'
2017-12-31 18:27:55 13348 [Note] Shutting down plugin 'INNODB_CMP_RESET'
2017-12-31 18:27:55 13348 [Note] Shutting down plugin 'INNODB_CMP'
2017-12-31 18:27:55 13348 [Note] Shutting down plugin 'INNODB_LOCK_WAITS'
2017-12-31 18:27:55 13348 [Note] Shutting down plugin 'INNODB_LOCKS'
2017-12-31 18:27:55 13348 [Note] Shutting down plugin 'INNODB_TRX'
2017-12-31 18:27:55 13348 [Note] Shutting down plugin 'InnoDB'
2017-12-31 18:27:55 13348 [Note] InnoDB: FTS optimize thread exiting.
2017-12-31 18:27:55 13348 [Note] InnoDB: Starting shutdown...
2017-12-31 18:27:56 13348 [Note] InnoDB: Shutdown completed; log sequence number 11124153
2017-12-31 18:27:56 13348 [Note] Shutting down plugin 'BLACKHOLE'
2017-12-31 18:27:56 13348 [Note] Shutting down plugin 'ARCHIVE'
2017-12-31 18:27:56 13348 [Note] Shutting down plugin 'MRG_MYISAM'
2017-12-31 18:27:56 13348 [Note] Shutting down plugin 'MyISAM'
2017-12-31 18:27:56 13348 [Note] Shutting down plugin 'MEMORY'
2017-12-31 18:27:56 13348 [Note] Shutting down plugin 'CSV'
2017-12-31 18:27:56 13348 [Note] Shutting down plugin 'sha256_password'
2017-12-31 18:27:56 13348 [Note] Shutting down plugin 'mysql_old_password'
2017-12-31 18:27:56 13348 [Note] Shutting down plugin 'mysql_native_password'
2017-12-31 18:27:56 13348 [Note] Shutting down plugin 'binlog'
2017-12-31 18:27:56 13348 [Note] D:\kettle-manager\mysql-km\bin\mysqld: Shutdown complete

